<?xml version="1.0" encoding="UTF-8"?>
<testsuite name="Run on Firefox"
           tests="3"
           failures="0"
           errors="0"
           skipped="0"
           time="24.043">
  <properties />
  
  
            <testcase name="User_03_My_Account" time="1.793" classname="com.nopcommerce.user.Level_20_Manage_Data_Part_IV_ReadJsonFile" />
                <testcase name="User_02_Login" time="5.647" classname="com.nopcommerce.user.Level_20_Manage_Data_Part_IV_ReadJsonFile" />
                <testcase name="User_01_Register" time="16.603" classname="com.nopcommerce.user.Level_20_Manage_Data_Part_IV_ReadJsonFile" />
      
</testsuite>
