<?xml version="1.0" encoding="UTF-8"?>
<!-- Generated by org.testng.reporters.JUnitXMLReporter -->
<testsuite ignored="0" hostname="DESKTOP-EG2DGMI" failures="0" tests="3" name="Run on Firefox" time="99.054" errors="0" timestamp="25 May 2023 15:32:59 GMT">
  <testcase classname="com.nopcommerce.user.Level_20_Manage_Data_Part_IV_ReadJsonFile" name="User_01_Register" time="28.734"/>
  <testcase classname="com.nopcommerce.user.Level_20_Manage_Data_Part_IV_ReadJsonFile" name="User_02_Login" time="10.891"/>
  <testcase classname="com.nopcommerce.user.Level_20_Manage_Data_Part_IV_ReadJsonFile" name="User_03_My_Account" time="6.127"/>
</testsuite> <!-- Run on Firefox -->
