<?xml version="1.0" encoding="UTF-8"?>
<testng-results ignored="0" total="6" passed="6" failed="0" skipped="0">
  <reporter-output>
    <line>
      <![CDATA[[2023-05-25 22:30:30,671] Register - Step 01: Navigate to 'Register' page
<br>]]>
    </line>
    <line>
      <![CDATA[[2023-05-25 22:30:41,298] Register - Step 02: Enter to Firstname textbox with value is'Do Ni'
<br>]]>
    </line>
    <line>
      <![CDATA[[2023-05-25 22:30:42,529] Register - Step 03: Enter to Lastname textbox with value is'Selina'
<br>]]>
    </line>
    <line>
      <![CDATA[[2023-05-25 22:30:44,689] Register - Step 04: Select to day of birth with value is'10'
<br>]]>
    </line>
    <line>
      <![CDATA[[2023-05-25 22:30:46,158] Register - Step 05: Select to month of birth with value is'August'
<br>]]>
    </line>
    <line>
      <![CDATA[[2023-05-25 22:30:47,525] Register - Step 06: Select to year of birth with value is'1999'
<br>]]>
    </line>
    <line>
      <![CDATA[[2023-05-25 22:30:48,545] Register - Step 07: Enter to Email textbox with value is'automation3958@fakemail.com'
<br>]]>
    </line>
    <line>
      <![CDATA[[2023-05-25 22:30:50,395] Register - Step 08: Enter to Password textbox with value is'123456'
<br>]]>
    </line>
    <line>
      <![CDATA[[2023-05-25 22:30:51,689] Register - Step 09: Enter to Confirm Password textbox with value is'123456'
<br>]]>
    </line>
    <line>
      <![CDATA[[2023-05-25 22:30:52,715] Register - Step 10: Click to 'Register' button
<br>]]>
    </line>
    <line>
      <![CDATA[[2023-05-25 22:30:55,518] Register - Step 11: Verify register success message is displayed
<br>]]>
    </line>
    <line>
      <![CDATA[[2023-05-25 22:30:56,006] Register - Step 12: Click to Continue button
<br>]]>
    </line>
    <line>
      <![CDATA[[2023-05-25 22:31:00,313] Login - Step 01: Navigate to Login page
<br>]]>
    </line>
    <line>
      <![CDATA[[2023-05-25 22:31:03,921] Login - Step 02: Enter to Email textbox with value is'automation3958@fakemail.com'
<br>]]>
    </line>
    <line>
      <![CDATA[[2023-05-25 22:31:05,665] Login - Step 03: Enter to Password textbox with value is'123456'
<br>]]>
    </line>
    <line>
      <![CDATA[[2023-05-25 22:31:06,771] Login - Step 04: Click to Login button
<br>]]>
    </line>
    <line>
      <![CDATA[[2023-05-25 22:31:09,776] Login - Step 05: Verify 'My Account' link is displayed
<br>]]>
    </line>
    <line>
      <![CDATA[[2023-05-25 22:31:10,482] MyAccount - Step 01: Navigate to 'My Account' page
<br>]]>
    </line>
    <line>
      <![CDATA[[2023-05-25 22:31:13,072] MyAccount - Step 02: Verify 'Custom Info' is displayed
<br>]]>
    </line>
    <line>
      <![CDATA[[2023-05-25 22:31:13,558] MyAccount - Step 03: Verify 'First Name' value is correctly
<br>]]>
    </line>
    <line>
      <![CDATA[[2023-05-25 22:31:13,869] MyAccount - Step 03: Verify 'Last Name' value is correctly
<br>]]>
    </line>
    <line>
      <![CDATA[[2023-05-25 22:31:14,245] MyAccount - Step 03: Verify 'Email' value is correctly
<br>]]>
    </line>
    <line>
      <![CDATA[[2023-05-25 22:31:14,800] OS name = Windows 10
<br>]]>
    </line>
    <line>
      <![CDATA[[2023-05-25 22:31:14,802] Driver instance name = chromedriver: chrome on windows (b5204ef20a781555876ef782b32fb275)
<br>]]>
    </line>
    <line>
      <![CDATA[[2023-05-25 22:31:55,023] Register - Step 01: Navigate to 'Register' page
<br>]]>
    </line>
    <line>
      <![CDATA[[2023-05-25 22:32:03,643] Register - Step 02: Enter to Firstname textbox with value is'Do Ni'
<br>]]>
    </line>
    <line>
      <![CDATA[[2023-05-25 22:32:04,867] Register - Step 03: Enter to Lastname textbox with value is'Selina'
<br>]]>
    </line>
    <line>
      <![CDATA[[2023-05-25 22:32:05,465] Register - Step 04: Select to day of birth with value is'10'
<br>]]>
    </line>
    <line>
      <![CDATA[[2023-05-25 22:32:06,552] Register - Step 05: Select to month of birth with value is'August'
<br>]]>
    </line>
    <line>
      <![CDATA[[2023-05-25 22:32:07,218] Register - Step 06: Select to year of birth with value is'1999'
<br>]]>
    </line>
    <line>
      <![CDATA[[2023-05-25 22:32:07,953] Register - Step 07: Enter to Email textbox with value is'automation4978@fakemail.com'
<br>]]>
    </line>
    <line>
      <![CDATA[[2023-05-25 22:32:08,850] Register - Step 08: Enter to Password textbox with value is'123456'
<br>]]>
    </line>
    <line>
      <![CDATA[[2023-05-25 22:32:09,949] Register - Step 09: Enter to Confirm Password textbox with value is'123456'
<br>]]>
    </line>
    <line>
      <![CDATA[[2023-05-25 22:32:10,677] Register - Step 10: Click to 'Register' button
<br>]]>
    </line>
    <line>
      <![CDATA[[2023-05-25 22:32:15,047] Register - Step 11: Verify register success message is displayed
<br>]]>
    </line>
    <line>
      <![CDATA[[2023-05-25 22:32:16,294] Register - Step 12: Click to Continue button
<br>]]>
    </line>
    <line>
      <![CDATA[[2023-05-25 22:32:23,799] Login - Step 01: Navigate to Login page
<br>]]>
    </line>
    <line>
      <![CDATA[[2023-05-25 22:32:27,629] Login - Step 02: Enter to Email textbox with value is'automation4978@fakemail.com'
<br>]]>
    </line>
    <line>
      <![CDATA[[2023-05-25 22:32:29,234] Login - Step 03: Enter to Password textbox with value is'123456'
<br>]]>
    </line>
    <line>
      <![CDATA[[2023-05-25 22:32:29,804] Login - Step 04: Click to Login button
<br>]]>
    </line>
    <line>
      <![CDATA[[2023-05-25 22:32:33,238] Login - Step 05: Verify 'My Account' link is displayed
<br>]]>
    </line>
    <line>
      <![CDATA[[2023-05-25 22:32:34,679] MyAccount - Step 01: Navigate to 'My Account' page
<br>]]>
    </line>
    <line>
      <![CDATA[[2023-05-25 22:32:38,429] MyAccount - Step 02: Verify 'Custom Info' is displayed
<br>]]>
    </line>
    <line>
      <![CDATA[[2023-05-25 22:32:39,843] MyAccount - Step 03: Verify 'First Name' value is correctly
<br>]]>
    </line>
    <line>
      <![CDATA[[2023-05-25 22:32:40,097] MyAccount - Step 03: Verify 'Last Name' value is correctly
<br>]]>
    </line>
    <line>
      <![CDATA[[2023-05-25 22:32:40,438] MyAccount - Step 03: Verify 'Email' value is correctly
<br>]]>
    </line>
    <line>
      <![CDATA[[2023-05-25 22:32:40,800] OS name = Windows 10
<br>]]>
    </line>
    <line>
      <![CDATA[[2023-05-25 22:32:40,800] Driver instance name = firefoxdriver: firefox on windows (f344ff58-d2d1-4b5f-af9c-a45cae099781)
<br>]]>
    </line>
  </reporter-output>
  <suite started-at="2023-05-25T15:29:35Z" name="NopCommerce - User" finished-at="2023-05-25T15:32:59Z" duration-ms="204066">
    <groups>
    </groups>
    <test started-at="2023-05-25T15:29:35Z" name="Run on Chrome" finished-at="2023-05-25T15:31:20Z" duration-ms="104663">
      <class name="com.nopcommerce.user.Level_20_Manage_Data_Part_IV_ReadJsonFile">
        <test-method is-config="true" signature="beforeClass(java.lang.String)[pri:0, instance:com.nopcommerce.user.Level_20_Manage_Data_Part_IV_ReadJsonFile@bfc14b9]" started-at="2023-05-25T15:29:36Z" name="beforeClass" finished-at="2023-05-25T15:30:29Z" duration-ms="53047" status="PASS">
          <params>
            <param index="0">
              <value>
                <![CDATA[chrome]]>
              </value>
            </param>
          </params>
          <reporter-output>
          </reporter-output>
        </test-method> <!-- beforeClass -->
        <test-method signature="User_01_Register(java.lang.reflect.Method)[pri:0, instance:com.nopcommerce.user.Level_20_Manage_Data_Part_IV_ReadJsonFile@bfc14b9]" started-at="2023-05-25T15:30:29Z" name="User_01_Register" finished-at="2023-05-25T15:30:59Z" duration-ms="29826" status="PASS">
          <params>
            <param index="0">
              <value>
                <![CDATA[public void com.nopcommerce.user.Level_20_Manage_Data_Part_IV_ReadJsonFile.User_01_Register(java.lang.reflect.Method)]]>
              </value>
            </param>
          </params>
          <reporter-output>
            <line>
              <![CDATA[[2023-05-25 22:30:30,671] Register - Step 01: Navigate to 'Register' page
<br>]]>
            </line>
            <line>
              <![CDATA[[2023-05-25 22:30:41,298] Register - Step 02: Enter to Firstname textbox with value is'Do Ni'
<br>]]>
            </line>
            <line>
              <![CDATA[[2023-05-25 22:30:42,529] Register - Step 03: Enter to Lastname textbox with value is'Selina'
<br>]]>
            </line>
            <line>
              <![CDATA[[2023-05-25 22:30:44,689] Register - Step 04: Select to day of birth with value is'10'
<br>]]>
            </line>
            <line>
              <![CDATA[[2023-05-25 22:30:46,158] Register - Step 05: Select to month of birth with value is'August'
<br>]]>
            </line>
            <line>
              <![CDATA[[2023-05-25 22:30:47,525] Register - Step 06: Select to year of birth with value is'1999'
<br>]]>
            </line>
            <line>
              <![CDATA[[2023-05-25 22:30:48,545] Register - Step 07: Enter to Email textbox with value is'automation3958@fakemail.com'
<br>]]>
            </line>
            <line>
              <![CDATA[[2023-05-25 22:30:50,395] Register - Step 08: Enter to Password textbox with value is'123456'
<br>]]>
            </line>
            <line>
              <![CDATA[[2023-05-25 22:30:51,689] Register - Step 09: Enter to Confirm Password textbox with value is'123456'
<br>]]>
            </line>
            <line>
              <![CDATA[[2023-05-25 22:30:52,715] Register - Step 10: Click to 'Register' button
<br>]]>
            </line>
            <line>
              <![CDATA[[2023-05-25 22:30:55,518] Register - Step 11: Verify register success message is displayed
<br>]]>
            </line>
            <line>
              <![CDATA[[2023-05-25 22:30:56,006] Register - Step 12: Click to Continue button
<br>]]>
            </line>
          </reporter-output>
        </test-method> <!-- User_01_Register -->
        <test-method signature="User_02_Login()[pri:0, instance:com.nopcommerce.user.Level_20_Manage_Data_Part_IV_ReadJsonFile@bfc14b9]" started-at="2023-05-25T15:31:00Z" name="User_02_Login" finished-at="2023-05-25T15:31:10Z" duration-ms="10160" status="PASS">
          <reporter-output>
            <line>
              <![CDATA[[2023-05-25 22:31:00,313] Login - Step 01: Navigate to Login page
<br>]]>
            </line>
            <line>
              <![CDATA[[2023-05-25 22:31:03,921] Login - Step 02: Enter to Email textbox with value is'automation3958@fakemail.com'
<br>]]>
            </line>
            <line>
              <![CDATA[[2023-05-25 22:31:05,665] Login - Step 03: Enter to Password textbox with value is'123456'
<br>]]>
            </line>
            <line>
              <![CDATA[[2023-05-25 22:31:06,771] Login - Step 04: Click to Login button
<br>]]>
            </line>
            <line>
              <![CDATA[[2023-05-25 22:31:09,776] Login - Step 05: Verify 'My Account' link is displayed
<br>]]>
            </line>
          </reporter-output>
        </test-method> <!-- User_02_Login -->
        <test-method signature="User_03_My_Account()[pri:0, instance:com.nopcommerce.user.Level_20_Manage_Data_Part_IV_ReadJsonFile@bfc14b9]" started-at="2023-05-25T15:31:10Z" name="User_03_My_Account" finished-at="2023-05-25T15:31:14Z" duration-ms="4315" status="PASS">
          <reporter-output>
            <line>
              <![CDATA[[2023-05-25 22:31:10,482] MyAccount - Step 01: Navigate to 'My Account' page
<br>]]>
            </line>
            <line>
              <![CDATA[[2023-05-25 22:31:13,072] MyAccount - Step 02: Verify 'Custom Info' is displayed
<br>]]>
            </line>
            <line>
              <![CDATA[[2023-05-25 22:31:13,558] MyAccount - Step 03: Verify 'First Name' value is correctly
<br>]]>
            </line>
            <line>
              <![CDATA[[2023-05-25 22:31:13,869] MyAccount - Step 03: Verify 'Last Name' value is correctly
<br>]]>
            </line>
            <line>
              <![CDATA[[2023-05-25 22:31:14,245] MyAccount - Step 03: Verify 'Email' value is correctly
<br>]]>
            </line>
          </reporter-output>
        </test-method> <!-- User_03_My_Account -->
        <test-method is-config="true" signature="afterClass()[pri:0, instance:com.nopcommerce.user.Level_20_Manage_Data_Part_IV_ReadJsonFile@bfc14b9]" started-at="2023-05-25T15:31:14Z" name="afterClass" finished-at="2023-05-25T15:31:20Z" duration-ms="5710" status="PASS">
          <reporter-output>
            <line>
              <![CDATA[[2023-05-25 22:31:14,800] OS name = Windows 10
<br>]]>
            </line>
            <line>
              <![CDATA[[2023-05-25 22:31:14,802] Driver instance name = chromedriver: chrome on windows (b5204ef20a781555876ef782b32fb275)
<br>]]>
            </line>
          </reporter-output>
        </test-method> <!-- afterClass -->
      </class> <!-- com.nopcommerce.user.Level_20_Manage_Data_Part_IV_ReadJsonFile -->
    </test> <!-- Run on Chrome -->
    <test started-at="2023-05-25T15:31:20Z" name="Run on Firefox" finished-at="2023-05-25T15:32:59Z" duration-ms="99054">
      <class name="com.nopcommerce.user.Level_20_Manage_Data_Part_IV_ReadJsonFile">
        <test-method is-config="true" signature="initBeforeSuite()[pri:0, instance:com.nopcommerce.user.Level_20_Manage_Data_Part_IV_ReadJsonFile@383864d5]" started-at="2023-05-25T15:29:34Z" name="initBeforeSuite" finished-at="2023-05-25T15:29:35Z" duration-ms="1319" status="PASS">
          <reporter-output>
          </reporter-output>
        </test-method> <!-- initBeforeSuite -->
        <test-method is-config="true" signature="beforeClass(java.lang.String)[pri:0, instance:com.nopcommerce.user.Level_20_Manage_Data_Part_IV_ReadJsonFile@383864d5]" started-at="2023-05-25T15:31:20Z" name="beforeClass" finished-at="2023-05-25T15:31:55Z" duration-ms="34141" status="PASS">
          <params>
            <param index="0">
              <value>
                <![CDATA[firefox]]>
              </value>
            </param>
          </params>
          <reporter-output>
          </reporter-output>
        </test-method> <!-- beforeClass -->
        <test-method signature="User_01_Register(java.lang.reflect.Method)[pri:0, instance:com.nopcommerce.user.Level_20_Manage_Data_Part_IV_ReadJsonFile@383864d5]" started-at="2023-05-25T15:31:55Z" name="User_01_Register" finished-at="2023-05-25T15:32:23Z" duration-ms="28734" status="PASS">
          <params>
            <param index="0">
              <value>
                <![CDATA[public void com.nopcommerce.user.Level_20_Manage_Data_Part_IV_ReadJsonFile.User_01_Register(java.lang.reflect.Method)]]>
              </value>
            </param>
          </params>
          <reporter-output>
            <line>
              <![CDATA[[2023-05-25 22:31:55,023] Register - Step 01: Navigate to 'Register' page
<br>]]>
            </line>
            <line>
              <![CDATA[[2023-05-25 22:32:03,643] Register - Step 02: Enter to Firstname textbox with value is'Do Ni'
<br>]]>
            </line>
            <line>
              <![CDATA[[2023-05-25 22:32:04,867] Register - Step 03: Enter to Lastname textbox with value is'Selina'
<br>]]>
            </line>
            <line>
              <![CDATA[[2023-05-25 22:32:05,465] Register - Step 04: Select to day of birth with value is'10'
<br>]]>
            </line>
            <line>
              <![CDATA[[2023-05-25 22:32:06,552] Register - Step 05: Select to month of birth with value is'August'
<br>]]>
            </line>
            <line>
              <![CDATA[[2023-05-25 22:32:07,218] Register - Step 06: Select to year of birth with value is'1999'
<br>]]>
            </line>
            <line>
              <![CDATA[[2023-05-25 22:32:07,953] Register - Step 07: Enter to Email textbox with value is'automation4978@fakemail.com'
<br>]]>
            </line>
            <line>
              <![CDATA[[2023-05-25 22:32:08,850] Register - Step 08: Enter to Password textbox with value is'123456'
<br>]]>
            </line>
            <line>
              <![CDATA[[2023-05-25 22:32:09,949] Register - Step 09: Enter to Confirm Password textbox with value is'123456'
<br>]]>
            </line>
            <line>
              <![CDATA[[2023-05-25 22:32:10,677] Register - Step 10: Click to 'Register' button
<br>]]>
            </line>
            <line>
              <![CDATA[[2023-05-25 22:32:15,047] Register - Step 11: Verify register success message is displayed
<br>]]>
            </line>
            <line>
              <![CDATA[[2023-05-25 22:32:16,294] Register - Step 12: Click to Continue button
<br>]]>
            </line>
          </reporter-output>
        </test-method> <!-- User_01_Register -->
        <test-method signature="User_02_Login()[pri:0, instance:com.nopcommerce.user.Level_20_Manage_Data_Part_IV_ReadJsonFile@383864d5]" started-at="2023-05-25T15:32:23Z" name="User_02_Login" finished-at="2023-05-25T15:32:34Z" duration-ms="10891" status="PASS">
          <reporter-output>
            <line>
              <![CDATA[[2023-05-25 22:32:23,799] Login - Step 01: Navigate to Login page
<br>]]>
            </line>
            <line>
              <![CDATA[[2023-05-25 22:32:27,629] Login - Step 02: Enter to Email textbox with value is'automation4978@fakemail.com'
<br>]]>
            </line>
            <line>
              <![CDATA[[2023-05-25 22:32:29,234] Login - Step 03: Enter to Password textbox with value is'123456'
<br>]]>
            </line>
            <line>
              <![CDATA[[2023-05-25 22:32:29,804] Login - Step 04: Click to Login button
<br>]]>
            </line>
            <line>
              <![CDATA[[2023-05-25 22:32:33,238] Login - Step 05: Verify 'My Account' link is displayed
<br>]]>
            </line>
          </reporter-output>
        </test-method> <!-- User_02_Login -->
        <test-method signature="User_03_My_Account()[pri:0, instance:com.nopcommerce.user.Level_20_Manage_Data_Part_IV_ReadJsonFile@383864d5]" started-at="2023-05-25T15:32:34Z" name="User_03_My_Account" finished-at="2023-05-25T15:32:40Z" duration-ms="6127" status="PASS">
          <reporter-output>
            <line>
              <![CDATA[[2023-05-25 22:32:34,679] MyAccount - Step 01: Navigate to 'My Account' page
<br>]]>
            </line>
            <line>
              <![CDATA[[2023-05-25 22:32:38,429] MyAccount - Step 02: Verify 'Custom Info' is displayed
<br>]]>
            </line>
            <line>
              <![CDATA[[2023-05-25 22:32:39,843] MyAccount - Step 03: Verify 'First Name' value is correctly
<br>]]>
            </line>
            <line>
              <![CDATA[[2023-05-25 22:32:40,097] MyAccount - Step 03: Verify 'Last Name' value is correctly
<br>]]>
            </line>
            <line>
              <![CDATA[[2023-05-25 22:32:40,438] MyAccount - Step 03: Verify 'Email' value is correctly
<br>]]>
            </line>
          </reporter-output>
        </test-method> <!-- User_03_My_Account -->
        <test-method is-config="true" signature="afterClass()[pri:0, instance:com.nopcommerce.user.Level_20_Manage_Data_Part_IV_ReadJsonFile@383864d5]" started-at="2023-05-25T15:32:40Z" name="afterClass" finished-at="2023-05-25T15:32:59Z" duration-ms="19116" status="PASS">
          <reporter-output>
            <line>
              <![CDATA[[2023-05-25 22:32:40,800] OS name = Windows 10
<br>]]>
            </line>
            <line>
              <![CDATA[[2023-05-25 22:32:40,800] Driver instance name = firefoxdriver: firefox on windows (f344ff58-d2d1-4b5f-af9c-a45cae099781)
<br>]]>
            </line>
          </reporter-output>
        </test-method> <!-- afterClass -->
      </class> <!-- com.nopcommerce.user.Level_20_Manage_Data_Part_IV_ReadJsonFile -->
    </test> <!-- Run on Firefox -->
  </suite> <!-- NopCommerce - User -->
</testng-results>
